Compiling the C compiler identification source file "CMakeCCompilerId.c" failed.
Compiler: /usr/local/pspdev/bin/psp-gcc 
Build flags: 
Id flags: 

The output was:
1
/usr/local/pspdev/lib/gcc/psp/4.9.3/../../../../psp/lib/crt0.o: In function `_main':
(.text+0x5c): undefined reference to `strlen'
/usr/local/pspdev/lib/gcc/psp/4.9.3/../../../../psp/lib/crt0.o: In function `_main':
(.text+0xec): undefined reference to `atexit'
/usr/local/pspdev/lib/gcc/psp/4.9.3/../../../../psp/lib/crt0.o: In function `_main':
(.text+0x110): undefined reference to `exit'
/usr/local/pspdev/lib/gcc/psp/4.9.3/../../../../psp/lib/crt0.o: In function `_start':
(.text+0x29c): undefined reference to `sceKernelCreateThread'
/usr/local/pspdev/lib/gcc/psp/4.9.3/../../../../psp/lib/crt0.o: In function `_start':
(.text+0x2b4): undefined reference to `sceKernelStartThread'
collect2: error: ld returned 1 exit status


Compiling the CXX compiler identification source file "CMakeCXXCompilerId.cpp" failed.
Compiler: /usr/local/pspdev/bin/psp-g++ 
Build flags: 
Id flags: 

The output was:
1
/usr/local/pspdev/lib/gcc/psp/4.9.3/../../../../psp/lib/crt0.o: In function `_main':
(.text+0x5c): undefined reference to `strlen'
/usr/local/pspdev/lib/gcc/psp/4.9.3/../../../../psp/lib/crt0.o: In function `_main':
(.text+0xec): undefined reference to `atexit'
/usr/local/pspdev/lib/gcc/psp/4.9.3/../../../../psp/lib/crt0.o: In function `_main':
(.text+0x110): undefined reference to `exit'
/usr/local/pspdev/lib/gcc/psp/4.9.3/../../../../psp/lib/crt0.o: In function `_start':
(.text+0x29c): undefined reference to `sceKernelCreateThread'
/usr/local/pspdev/lib/gcc/psp/4.9.3/../../../../psp/lib/crt0.o: In function `_start':
(.text+0x2b4): undefined reference to `sceKernelStartThread'
collect2: error: ld returned 1 exit status


