The target system is: Generic -  - 
The host system is: Linux - 4.9.0-8-amd64 - x86_64
Compiling the C compiler identification source file "CMakeCCompilerId.c" succeeded.
Compiler: /usr/local/pspdev/bin/psp-gcc 
Build flags: 
Id flags: -c

The output was:
0


Compilation of the C compiler identification source "CMakeCCompilerId.c" produced "CMakeCCompilerId.o"

The C compiler identification is GNU, found in "/home/ben/daedalus/tmp/CMakeFiles/3.7.2/CompilerIdC/CMakeCCompilerId.o"

Compiling the CXX compiler identification source file "CMakeCXXCompilerId.cpp" succeeded.
Compiler: /usr/local/pspdev/bin/psp-g++ 
Build flags: 
Id flags: -c

The output was:
0


Compilation of the CXX compiler identification source "CMakeCXXCompilerId.cpp" produced "CMakeCXXCompilerId.o"

The CXX compiler identification is GNU, found in "/home/ben/daedalus/tmp/CMakeFiles/3.7.2/CompilerIdCXX/CMakeCXXCompilerId.o"

Determining if the C compiler works passed with the following output:
Change Dir: /home/ben/daedalus/tmp/CMakeFiles/CMakeTmp

Run Build Command:"/usr/bin/make" "cmTC_1c28f/fast"
/usr/bin/make -f CMakeFiles/cmTC_1c28f.dir/build.make CMakeFiles/cmTC_1c28f.dir/build
make[1]: Entering directory '/home/ben/daedalus/tmp/CMakeFiles/CMakeTmp'
Building C object CMakeFiles/cmTC_1c28f.dir/testCCompiler.c.obj
/usr/local/pspdev/bin/psp-gcc   -I/home/ben/daedalus/tmp/CMakeFiles/CMakeTmp/{ -I/home/ben/daedalus/tmp/CMakeFiles/CMakeTmp/. -I/usr/local/pspdev/psp/sdk/include  -G0 -o CMakeFiles/cmTC_1c28f.dir/testCCompiler.c.obj   -c /home/ben/daedalus/tmp/CMakeFiles/CMakeTmp/testCCompiler.c
Linking C static library libcmTC_1c28f.a
/usr/bin/cmake -P CMakeFiles/cmTC_1c28f.dir/cmake_clean_target.cmake
/usr/bin/cmake -E cmake_link_script CMakeFiles/cmTC_1c28f.dir/link.txt --verbose=1
/usr/local/pspdev/bin/psp-ar qc libcmTC_1c28f.a  CMakeFiles/cmTC_1c28f.dir/testCCompiler.c.obj
/usr/local/pspdev/bin/psp-ranlib libcmTC_1c28f.a
make[1]: Leaving directory '/home/ben/daedalus/tmp/CMakeFiles/CMakeTmp'


Detecting C compiler ABI info compiled with the following output:
Change Dir: /home/ben/daedalus/tmp/CMakeFiles/CMakeTmp

Run Build Command:"/usr/bin/make" "cmTC_96466/fast"
/usr/bin/make -f CMakeFiles/cmTC_96466.dir/build.make CMakeFiles/cmTC_96466.dir/build
make[1]: Entering directory '/home/ben/daedalus/tmp/CMakeFiles/CMakeTmp'
Building C object CMakeFiles/cmTC_96466.dir/CMakeCCompilerABI.c.obj
/usr/local/pspdev/bin/psp-gcc   -I/home/ben/daedalus/tmp/CMakeFiles/CMakeTmp/{ -I/home/ben/daedalus/tmp/CMakeFiles/CMakeTmp/. -I/usr/local/pspdev/psp/sdk/include  -G0 -o CMakeFiles/cmTC_96466.dir/CMakeCCompilerABI.c.obj   -c /usr/share/cmake-3.7/Modules/CMakeCCompilerABI.c
Linking C static library libcmTC_96466.a
/usr/bin/cmake -P CMakeFiles/cmTC_96466.dir/cmake_clean_target.cmake
/usr/bin/cmake -E cmake_link_script CMakeFiles/cmTC_96466.dir/link.txt --verbose=1
/usr/local/pspdev/bin/psp-ar qc libcmTC_96466.a  CMakeFiles/cmTC_96466.dir/CMakeCCompilerABI.c.obj
/usr/local/pspdev/bin/psp-ranlib libcmTC_96466.a
make[1]: Leaving directory '/home/ben/daedalus/tmp/CMakeFiles/CMakeTmp'


Parsed C implicit link information from above output:
  link line regex: [^( *|.*[/\])(psp-ld|([^/\]+-)?ld|collect2)[^/\]*( |$)]
  ignore line: [Change Dir: /home/ben/daedalus/tmp/CMakeFiles/CMakeTmp]
  ignore line: []
  ignore line: [Run Build Command:"/usr/bin/make" "cmTC_96466/fast"]
  ignore line: [/usr/bin/make -f CMakeFiles/cmTC_96466.dir/build.make CMakeFiles/cmTC_96466.dir/build]
  ignore line: [make[1]: Entering directory '/home/ben/daedalus/tmp/CMakeFiles/CMakeTmp']
  ignore line: [Building C object CMakeFiles/cmTC_96466.dir/CMakeCCompilerABI.c.obj]
  ignore line: [/usr/local/pspdev/bin/psp-gcc   -I/home/ben/daedalus/tmp/CMakeFiles/CMakeTmp/{ -I/home/ben/daedalus/tmp/CMakeFiles/CMakeTmp/. -I/usr/local/pspdev/psp/sdk/include  -G0 -o CMakeFiles/cmTC_96466.dir/CMakeCCompilerABI.c.obj   -c /usr/share/cmake-3.7/Modules/CMakeCCompilerABI.c]
  ignore line: [Linking C static library libcmTC_96466.a]
  ignore line: [/usr/bin/cmake -P CMakeFiles/cmTC_96466.dir/cmake_clean_target.cmake]
  ignore line: [/usr/bin/cmake -E cmake_link_script CMakeFiles/cmTC_96466.dir/link.txt --verbose=1]
  ignore line: [/usr/local/pspdev/bin/psp-ar qc libcmTC_96466.a  CMakeFiles/cmTC_96466.dir/CMakeCCompilerABI.c.obj]
  ignore line: [/usr/local/pspdev/bin/psp-ranlib libcmTC_96466.a]
  ignore line: [make[1]: Leaving directory '/home/ben/daedalus/tmp/CMakeFiles/CMakeTmp']
  ignore line: []
  implicit libs: []
  implicit dirs: []
  implicit fwks: []




Detecting C [-std=c11] compiler features compiled with the following output:
Change Dir: /home/ben/daedalus/tmp/CMakeFiles/CMakeTmp

Run Build Command:"/usr/bin/make" "cmTC_1af11/fast"
/usr/bin/make -f CMakeFiles/cmTC_1af11.dir/build.make CMakeFiles/cmTC_1af11.dir/build
make[1]: Entering directory '/home/ben/daedalus/tmp/CMakeFiles/CMakeTmp'
Building C object CMakeFiles/cmTC_1af11.dir/feature_tests.c.obj
/usr/local/pspdev/bin/psp-gcc   -I/home/ben/daedalus/tmp/CMakeFiles/CMakeTmp/{ -I/home/ben/daedalus/tmp/CMakeFiles/CMakeTmp/. -I/usr/local/pspdev/psp/sdk/include  -G0 -std=c11 -o CMakeFiles/cmTC_1af11.dir/feature_tests.c.obj   -c /home/ben/daedalus/tmp/CMakeFiles/feature_tests.c
Linking C static library libcmTC_1af11.a
/usr/bin/cmake -P CMakeFiles/cmTC_1af11.dir/cmake_clean_target.cmake
/usr/bin/cmake -E cmake_link_script CMakeFiles/cmTC_1af11.dir/link.txt --verbose=1
/usr/local/pspdev/bin/psp-ar qc libcmTC_1af11.a  CMakeFiles/cmTC_1af11.dir/feature_tests.c.obj
/usr/local/pspdev/bin/psp-ranlib libcmTC_1af11.a
make[1]: Leaving directory '/home/ben/daedalus/tmp/CMakeFiles/CMakeTmp'


    Feature record: C_FEATURE:1c_function_prototypes
    Feature record: C_FEATURE:1c_restrict
    Feature record: C_FEATURE:1c_static_assert
    Feature record: C_FEATURE:1c_variadic_macros


Detecting C [-std=c99] compiler features compiled with the following output:
Change Dir: /home/ben/daedalus/tmp/CMakeFiles/CMakeTmp

Run Build Command:"/usr/bin/make" "cmTC_76696/fast"
/usr/bin/make -f CMakeFiles/cmTC_76696.dir/build.make CMakeFiles/cmTC_76696.dir/build
make[1]: Entering directory '/home/ben/daedalus/tmp/CMakeFiles/CMakeTmp'
Building C object CMakeFiles/cmTC_76696.dir/feature_tests.c.obj
/usr/local/pspdev/bin/psp-gcc   -I/home/ben/daedalus/tmp/CMakeFiles/CMakeTmp/{ -I/home/ben/daedalus/tmp/CMakeFiles/CMakeTmp/. -I/usr/local/pspdev/psp/sdk/include  -G0 -std=c99 -o CMakeFiles/cmTC_76696.dir/feature_tests.c.obj   -c /home/ben/daedalus/tmp/CMakeFiles/feature_tests.c
Linking C static library libcmTC_76696.a
/usr/bin/cmake -P CMakeFiles/cmTC_76696.dir/cmake_clean_target.cmake
/usr/bin/cmake -E cmake_link_script CMakeFiles/cmTC_76696.dir/link.txt --verbose=1
/usr/local/pspdev/bin/psp-ar qc libcmTC_76696.a  CMakeFiles/cmTC_76696.dir/feature_tests.c.obj
/usr/local/pspdev/bin/psp-ranlib libcmTC_76696.a
make[1]: Leaving directory '/home/ben/daedalus/tmp/CMakeFiles/CMakeTmp'


    Feature record: C_FEATURE:1c_function_prototypes
    Feature record: C_FEATURE:1c_restrict
    Feature record: C_FEATURE:0c_static_assert
    Feature record: C_FEATURE:1c_variadic_macros


Detecting C [-std=c90] compiler features compiled with the following output:
Change Dir: /home/ben/daedalus/tmp/CMakeFiles/CMakeTmp

Run Build Command:"/usr/bin/make" "cmTC_c5903/fast"
/usr/bin/make -f CMakeFiles/cmTC_c5903.dir/build.make CMakeFiles/cmTC_c5903.dir/build
make[1]: Entering directory '/home/ben/daedalus/tmp/CMakeFiles/CMakeTmp'
Building C object CMakeFiles/cmTC_c5903.dir/feature_tests.c.obj
/usr/local/pspdev/bin/psp-gcc   -I/home/ben/daedalus/tmp/CMakeFiles/CMakeTmp/{ -I/home/ben/daedalus/tmp/CMakeFiles/CMakeTmp/. -I/usr/local/pspdev/psp/sdk/include  -G0 -std=c90 -o CMakeFiles/cmTC_c5903.dir/feature_tests.c.obj   -c /home/ben/daedalus/tmp/CMakeFiles/feature_tests.c
Linking C static library libcmTC_c5903.a
/usr/bin/cmake -P CMakeFiles/cmTC_c5903.dir/cmake_clean_target.cmake
/usr/bin/cmake -E cmake_link_script CMakeFiles/cmTC_c5903.dir/link.txt --verbose=1
/usr/local/pspdev/bin/psp-ar qc libcmTC_c5903.a  CMakeFiles/cmTC_c5903.dir/feature_tests.c.obj
/usr/local/pspdev/bin/psp-ranlib libcmTC_c5903.a
make[1]: Leaving directory '/home/ben/daedalus/tmp/CMakeFiles/CMakeTmp'


    Feature record: C_FEATURE:1c_function_prototypes
    Feature record: C_FEATURE:0c_restrict
    Feature record: C_FEATURE:0c_static_assert
    Feature record: C_FEATURE:0c_variadic_macros
Determining if the CXX compiler works passed with the following output:
Change Dir: /home/ben/daedalus/tmp/CMakeFiles/CMakeTmp

Run Build Command:"/usr/bin/make" "cmTC_ceb6c/fast"
/usr/bin/make -f CMakeFiles/cmTC_ceb6c.dir/build.make CMakeFiles/cmTC_ceb6c.dir/build
make[1]: Entering directory '/home/ben/daedalus/tmp/CMakeFiles/CMakeTmp'
Building CXX object CMakeFiles/cmTC_ceb6c.dir/testCXXCompiler.cxx.obj
/usr/local/pspdev/bin/psp-g++    -I/home/ben/daedalus/tmp/CMakeFiles/CMakeTmp/{ -I/home/ben/daedalus/tmp/CMakeFiles/CMakeTmp/. -I/usr/local/pspdev/psp/sdk/include  -G0 -o CMakeFiles/cmTC_ceb6c.dir/testCXXCompiler.cxx.obj -c /home/ben/daedalus/tmp/CMakeFiles/CMakeTmp/testCXXCompiler.cxx
Linking CXX static library libcmTC_ceb6c.a
/usr/bin/cmake -P CMakeFiles/cmTC_ceb6c.dir/cmake_clean_target.cmake
/usr/bin/cmake -E cmake_link_script CMakeFiles/cmTC_ceb6c.dir/link.txt --verbose=1
/usr/local/pspdev/bin/psp-ar qc libcmTC_ceb6c.a  CMakeFiles/cmTC_ceb6c.dir/testCXXCompiler.cxx.obj
/usr/local/pspdev/bin/psp-ranlib libcmTC_ceb6c.a
make[1]: Leaving directory '/home/ben/daedalus/tmp/CMakeFiles/CMakeTmp'


Detecting CXX compiler ABI info compiled with the following output:
Change Dir: /home/ben/daedalus/tmp/CMakeFiles/CMakeTmp

Run Build Command:"/usr/bin/make" "cmTC_2f097/fast"
/usr/bin/make -f CMakeFiles/cmTC_2f097.dir/build.make CMakeFiles/cmTC_2f097.dir/build
make[1]: Entering directory '/home/ben/daedalus/tmp/CMakeFiles/CMakeTmp'
Building CXX object CMakeFiles/cmTC_2f097.dir/CMakeCXXCompilerABI.cpp.obj
/usr/local/pspdev/bin/psp-g++    -I/home/ben/daedalus/tmp/CMakeFiles/CMakeTmp/{ -I/home/ben/daedalus/tmp/CMakeFiles/CMakeTmp/. -I/usr/local/pspdev/psp/sdk/include  -G0 -o CMakeFiles/cmTC_2f097.dir/CMakeCXXCompilerABI.cpp.obj -c /usr/share/cmake-3.7/Modules/CMakeCXXCompilerABI.cpp
Linking CXX static library libcmTC_2f097.a
/usr/bin/cmake -P CMakeFiles/cmTC_2f097.dir/cmake_clean_target.cmake
/usr/bin/cmake -E cmake_link_script CMakeFiles/cmTC_2f097.dir/link.txt --verbose=1
/usr/local/pspdev/bin/psp-ar qc libcmTC_2f097.a  CMakeFiles/cmTC_2f097.dir/CMakeCXXCompilerABI.cpp.obj
/usr/local/pspdev/bin/psp-ranlib libcmTC_2f097.a
make[1]: Leaving directory '/home/ben/daedalus/tmp/CMakeFiles/CMakeTmp'


Parsed CXX implicit link information from above output:
  link line regex: [^( *|.*[/\])(psp-ld|([^/\]+-)?ld|collect2)[^/\]*( |$)]
  ignore line: [Change Dir: /home/ben/daedalus/tmp/CMakeFiles/CMakeTmp]
  ignore line: []
  ignore line: [Run Build Command:"/usr/bin/make" "cmTC_2f097/fast"]
  ignore line: [/usr/bin/make -f CMakeFiles/cmTC_2f097.dir/build.make CMakeFiles/cmTC_2f097.dir/build]
  ignore line: [make[1]: Entering directory '/home/ben/daedalus/tmp/CMakeFiles/CMakeTmp']
  ignore line: [Building CXX object CMakeFiles/cmTC_2f097.dir/CMakeCXXCompilerABI.cpp.obj]
  ignore line: [/usr/local/pspdev/bin/psp-g++    -I/home/ben/daedalus/tmp/CMakeFiles/CMakeTmp/{ -I/home/ben/daedalus/tmp/CMakeFiles/CMakeTmp/. -I/usr/local/pspdev/psp/sdk/include  -G0 -o CMakeFiles/cmTC_2f097.dir/CMakeCXXCompilerABI.cpp.obj -c /usr/share/cmake-3.7/Modules/CMakeCXXCompilerABI.cpp]
  ignore line: [Linking CXX static library libcmTC_2f097.a]
  ignore line: [/usr/bin/cmake -P CMakeFiles/cmTC_2f097.dir/cmake_clean_target.cmake]
  ignore line: [/usr/bin/cmake -E cmake_link_script CMakeFiles/cmTC_2f097.dir/link.txt --verbose=1]
  ignore line: [/usr/local/pspdev/bin/psp-ar qc libcmTC_2f097.a  CMakeFiles/cmTC_2f097.dir/CMakeCXXCompilerABI.cpp.obj]
  ignore line: [/usr/local/pspdev/bin/psp-ranlib libcmTC_2f097.a]
  ignore line: [make[1]: Leaving directory '/home/ben/daedalus/tmp/CMakeFiles/CMakeTmp']
  ignore line: []
  implicit libs: []
  implicit dirs: []
  implicit fwks: []


